[debug] [2025-03-27T14:39:00.727Z] ----------------------------------------------------------------------
[debug] [2025-03-27T14:39:00.732Z] Command:       /Users/samuelraymond/.nvm/versions/node/v22.9.0/bin/node /Users/samuelraymond/.nvm/versions/node/v22.9.0/bin/firebase serve
[debug] [2025-03-27T14:39:00.732Z] CLI Version:   13.35.1
[debug] [2025-03-27T14:39:00.732Z] Platform:      darwin
[debug] [2025-03-27T14:39:00.732Z] Node Version:  v22.9.0
[debug] [2025-03-27T14:39:00.732Z] Time:          Thu Mar 27 2025 10:39:00 GMT-0400 (Eastern Daylight Time)
[debug] [2025-03-27T14:39:00.732Z] ----------------------------------------------------------------------
[debug] 
[debug] [2025-03-27T14:39:00.734Z] >>> [apiv2][query] GET https://firebase-public.firebaseio.com/cli.json [none]
[debug] [2025-03-27T14:39:00.872Z] > command requires scopes: ["email","openid","https://www.googleapis.com/auth/cloudplatformprojects.readonly","https://www.googleapis.com/auth/firebase","https://www.googleapis.com/auth/cloud-platform"]
[debug] [2025-03-27T14:39:00.872Z] > authorizing via signed-in user (sraymo377@gmail.com)
[debug] [2025-03-27T14:39:00.872Z] [iam] checking project munchiessnhu-food-waste for permissions ["firebase.projects.get"]
[debug] [2025-03-27T14:39:00.872Z] Checked if tokens are valid: false, expires at: 1743039404119
[debug] [2025-03-27T14:39:00.872Z] Checked if tokens are valid: false, expires at: 1743039404119
[debug] [2025-03-27T14:39:00.872Z] > refreshing access token with scopes: []
[debug] [2025-03-27T14:39:00.873Z] >>> [apiv2][query] POST https://www.googleapis.com/oauth2/v3/token [none]
[debug] [2025-03-27T14:39:00.873Z] >>> [apiv2][body] POST https://www.googleapis.com/oauth2/v3/token [omitted]
[debug] [2025-03-27T14:39:01.066Z] <<< [apiv2][status] GET https://firebase-public.firebaseio.com/cli.json 200
[debug] [2025-03-27T14:39:01.067Z] <<< [apiv2][body] GET https://firebase-public.firebaseio.com/cli.json {"cloudBuildErrorAfter":1594252800000,"cloudBuildWarnAfter":1590019200000,"defaultNode10After":1594252800000,"minVersion":"3.0.5","node8DeploysDisabledAfter":1613390400000,"node8RuntimeDisabledAfter":1615809600000,"node8WarnAfter":1600128000000}
[debug] [2025-03-27T14:39:01.086Z] <<< [apiv2][status] POST https://www.googleapis.com/oauth2/v3/token 200
[debug] [2025-03-27T14:39:01.086Z] <<< [apiv2][body] POST https://www.googleapis.com/oauth2/v3/token [omitted]
[debug] [2025-03-27T14:39:01.100Z] >>> [apiv2][query] POST https://cloudresourcemanager.googleapis.com/v1/projects/munchiessnhu-food-waste:testIamPermissions [none]
[debug] [2025-03-27T14:39:01.100Z] >>> [apiv2][(partial)header] POST https://cloudresourcemanager.googleapis.com/v1/projects/munchiessnhu-food-waste:testIamPermissions x-goog-quota-user=projects/munchiessnhu-food-waste
[debug] [2025-03-27T14:39:01.100Z] >>> [apiv2][body] POST https://cloudresourcemanager.googleapis.com/v1/projects/munchiessnhu-food-waste:testIamPermissions {"permissions":["firebase.projects.get"]}
[debug] [2025-03-27T14:39:01.436Z] <<< [apiv2][status] POST https://cloudresourcemanager.googleapis.com/v1/projects/munchiessnhu-food-waste:testIamPermissions 200
[debug] [2025-03-27T14:39:01.437Z] <<< [apiv2][body] POST https://cloudresourcemanager.googleapis.com/v1/projects/munchiessnhu-food-waste:testIamPermissions {"permissions":["firebase.projects.get"]}
[debug] [2025-03-27T14:39:01.438Z] Checked if tokens are valid: true, expires at: 1743089940086
[debug] [2025-03-27T14:39:01.438Z] Checked if tokens are valid: true, expires at: 1743089940086
[debug] [2025-03-27T14:39:01.438Z] >>> [apiv2][query] GET https://cloudresourcemanager.googleapis.com/v1/projects/munchiessnhu-food-waste [none]
[debug] [2025-03-27T14:39:01.565Z] <<< [apiv2][status] GET https://cloudresourcemanager.googleapis.com/v1/projects/munchiessnhu-food-waste 200
[debug] [2025-03-27T14:39:01.565Z] <<< [apiv2][body] GET https://cloudresourcemanager.googleapis.com/v1/projects/munchiessnhu-food-waste {"projectNumber":"298017477928","projectId":"munchiessnhu-food-waste","lifecycleState":"ACTIVE","name":"MunchiesSNHU-Food-Waste","labels":{"firebase":"enabled","firebase-core":"disabled"},"createTime":"2025-03-24T16:12:11.084708Z"}
[info] 
[info] === Serving from '/Users/samuelraymond/Desktop/Munchies'...
[info] 
[debug] [2025-03-27T14:39:01.567Z] Checked if tokens are valid: true, expires at: 1743089940086
[debug] [2025-03-27T14:39:01.567Z] Checked if tokens are valid: true, expires at: 1743089940086
[debug] [2025-03-27T14:39:01.567Z] >>> [apiv2][query] GET https://firebasehosting.googleapis.com/v1beta1/projects/munchiessnhu-food-waste/sites 
[debug] [2025-03-27T14:39:02.488Z] <<< [apiv2][status] GET https://firebasehosting.googleapis.com/v1beta1/projects/munchiessnhu-food-waste/sites 200
[debug] [2025-03-27T14:39:02.488Z] <<< [apiv2][body] GET https://firebasehosting.googleapis.com/v1beta1/projects/munchiessnhu-food-waste/sites {"sites":[{"name":"projects/munchiessnhu-food-waste/sites/munchiessnhu-food-waste","defaultUrl":"https://munchiessnhu-food-waste.web.app","appId":"1:298017477928:web:e8a3de557fe1faf029ec1d","type":"DEFAULT_SITE"}]}
[debug] [2025-03-27T14:39:02.488Z] Checked if tokens are valid: true, expires at: 1743089940086
[debug] [2025-03-27T14:39:02.488Z] Checked if tokens are valid: true, expires at: 1743089940086
[debug] [2025-03-27T14:39:02.489Z] >>> [apiv2][query] GET https://firebase.googleapis.com/v1beta1/projects/munchiessnhu-food-waste/webApps/1:298017477928:web:e8a3de557fe1faf029ec1d/config [none]
[debug] [2025-03-27T14:39:03.053Z] <<< [apiv2][status] GET https://firebase.googleapis.com/v1beta1/projects/munchiessnhu-food-waste/webApps/1:298017477928:web:e8a3de557fe1faf029ec1d/config 200
[debug] [2025-03-27T14:39:03.053Z] <<< [apiv2][body] GET https://firebase.googleapis.com/v1beta1/projects/munchiessnhu-food-waste/webApps/1:298017477928:web:e8a3de557fe1faf029ec1d/config {"projectId":"munchiessnhu-food-waste","appId":"1:298017477928:web:e8a3de557fe1faf029ec1d","storageBucket":"munchiessnhu-food-waste.firebasestorage.app","apiKey":"AIzaSyC2yFd2khCMAiVVhEiLciQQwIrUzUK5x8Y","authDomain":"munchiessnhu-food-waste.firebaseapp.com","messagingSenderId":"298017477928","measurementId":"G-B3JWLYJQTF"}
[debug] [2025-03-27T14:39:03.062Z] Checked if tokens are valid: true, expires at: 1743089940086
[debug] [2025-03-27T14:39:03.063Z] Checked if tokens are valid: true, expires at: 1743089940086
[debug] [2025-03-27T14:39:03.063Z] >>> [apiv2][query] GET https://firebase.googleapis.com/v1beta1/projects/munchiessnhu-food-waste [none]
[debug] [2025-03-27T14:39:03.538Z] <<< [apiv2][status] GET https://firebase.googleapis.com/v1beta1/projects/munchiessnhu-food-waste 200
[debug] [2025-03-27T14:39:03.538Z] <<< [apiv2][body] GET https://firebase.googleapis.com/v1beta1/projects/munchiessnhu-food-waste {"projectId":"munchiessnhu-food-waste","projectNumber":"298017477928","displayName":"MunchiesSNHU-Food-Waste","name":"projects/munchiessnhu-food-waste","resources":{"hostingSite":"munchiessnhu-food-waste"},"state":"ACTIVE","etag":"1_7c74c703-0770-4477-8bd6-f833432998ec"}
[info] i  hosting[munchiessnhu-food-waste]: Serving hosting files from: public {"metadata":{"emulator":{"name":"hosting"},"message":"Serving hosting files from: \u001b[1mpublic\u001b[22m"}}
[info] ✔  hosting[munchiessnhu-food-waste]: Local server: http://localhost:5002 {"metadata":{"emulator":{"name":"hosting"},"message":"Local server: \u001b[4m\u001b[1mhttp://localhost:5002\u001b[22m\u001b[24m"}}
